Using pre-set license
Built from '2020.3/staging' branch; Version is '2020.3.11f1 (99c7afb366b3) revision 10078127'; Using compiler version '192528614'; Build Type 'Release'
OS: 'Windows 10 Home Single Language; OS build 19042.985; Version 2009; 64bit' Language: 'en' Physical Memory: 8090 MB
BatchMode: 1, IsHumanControllingUs: 0, StartBugReporterOnCrash: 0, Is64bit: 1, IsPro: 0

 COMMAND LINE ARGUMENTS:
C:\Program Files\Unity\Hub\Editor\2020.3.11f1\Editor\Unity.exe
-adb2
-batchMode
-noUpm
-name
AssetImportWorker1
-projectPath
D:/Centennial Study/Semester 2/4.GAME PROGRAMING/New folder/NinjaFight
-logFile
Logs/AssetImportWorker1.log
-srvPort
58087
Successfully changed project path to: D:/Centennial Study/Semester 2/4.GAME PROGRAMING/New folder/NinjaFight
D:/Centennial Study/Semester 2/4.GAME PROGRAMING/New folder/NinjaFight
Using Asset Import Pipeline V2.
Refreshing native plugins compatible for Editor in 45.00 ms, found 3 plugins.
Preloading 0 native plugins for Editor in 0.00 ms.
Initialize engine version: 2020.3.11f1 (99c7afb366b3)
[Subsystems] Discovering subsystems at path C:/Program Files/Unity/Hub/Editor/2020.3.11f1/Editor/Data/Resources/UnitySubsystems
[Subsystems] Discovering subsystems at path D:/Centennial Study/Semester 2/4.GAME PROGRAMING/New folder/NinjaFight/Assets
GfxDevice: creating device client; threaded=0
Direct3D:
    Version:  Direct3D 11.0 [level 11.0]
    Renderer: NVIDIA GeForce 940MX (ID=0x134d)
    Vendor:   
    VRAM:     4055 MB
    Driver:   27.21.14.5167
Initialize mono
Mono path[0] = 'C:/Program Files/Unity/Hub/Editor/2020.3.11f1/Editor/Data/Managed'
Mono path[1] = 'C:/Program Files/Unity/Hub/Editor/2020.3.11f1/Editor/Data/MonoBleedingEdge/lib/mono/unityjit'
Mono config path = 'C:/Program Files/Unity/Hub/Editor/2020.3.11f1/Editor/Data/MonoBleedingEdge/etc'
Using monoOptions --debugger-agent=transport=dt_socket,embedding=1,server=y,suspend=n,address=127.0.0.1:56324
Begin MonoManager ReloadAssembly
Registering precompiled unity dll's ...
Register platform support module: C:/Program Files/Unity/Hub/Editor/2020.3.11f1/Editor/Data/PlaybackEngines/WebGLSupport/UnityEditor.WebGL.Extensions.dll
Register platform support module: C:/Program Files/Unity/Hub/Editor/2020.3.11f1/Editor/Data/PlaybackEngines/MacStandaloneSupport/UnityEditor.OSXStandalone.Extensions.dll
Register platform support module: C:/Program Files/Unity/Hub/Editor/2020.3.11f1/Editor/Data/PlaybackEngines/WindowsStandaloneSupport/UnityEditor.WindowsStandalone.Extensions.dll
Register platform support module: C:/Program Files/Unity/Hub/Editor/2020.3.11f1/Editor/Data/PlaybackEngines/LinuxStandaloneSupport/UnityEditor.LinuxStandalone.Extensions.dll
Registered in 0.003760 seconds.
Native extension for LinuxStandalone target not found
Native extension for WindowsStandalone target not found
Native extension for OSXStandalone target not found
Native extension for WebGL target not found
Refreshing native plugins compatible for Editor in 44.31 ms, found 3 plugins.
Preloading 0 native plugins for Editor in 0.00 ms.
Mono: successfully reloaded assembly
- Completed reload, in  2.456 seconds
Platform modules already initialized, skipping
Registering precompiled user dll's ...
Registered in 0.003163 seconds.
Begin MonoManager ReloadAssembly
Native extension for LinuxStandalone target not found
Native extension for WindowsStandalone target not found
Native extension for OSXStandalone target not found
Native extension for WebGL target not found
Refreshing native plugins compatible for Editor in 42.63 ms, found 3 plugins.
Preloading 0 native plugins for Editor in 0.00 ms.
Mono: successfully reloaded assembly
- Completed reload, in  6.502 seconds
Platform modules already initialized, skipping
========================================================================
Worker process is ready to serve import requests
Launched and connected shader compiler UnityShaderCompiler.exe after 0.18 seconds
Refreshing native plugins compatible for Editor in 0.44 ms, found 3 plugins.
Preloading 0 native plugins for Editor in 0.00 ms.
Unloading 2080 Unused Serialized files (Serialized files now loaded: 0)
System memory in use before: 92.9 MB.
System memory in use after: 92.8 MB.

Unloading 33 unused Assets to reduce memory usage. Loaded Objects now: 2513.
Total: 2.837400 ms (FindLiveObjects: 0.229900 ms CreateObjectMapping: 0.091000 ms MarkObjects: 2.382900 ms  DeleteObjects: 0.132500 ms)

========================================================================
Received Import Request.
  path: Assets/New Folder 2
  artifactKey: Guid(529c01839f743ae4b9d84f43b93d1cb2) Importer(815301076,1909f56bfc062723c751e8b465ee728b)
Start importing Assets/New Folder 2 using Guid(529c01839f743ae4b9d84f43b93d1cb2) Importer(815301076,1909f56bfc062723c751e8b465ee728b)  -> (artifact id: '4c224bff0a93451fa06ffd1ed9d70123') in 0.013941 seconds
  Import took 0.034458 seconds .

========================================================================
Received Import Request.
  Time since last request: 0.000324 seconds.
  path: Assets/New Folder
  artifactKey: Guid(1685eac88ad0eab47962f6b986899e1f) Importer(815301076,1909f56bfc062723c751e8b465ee728b)
Start importing Assets/New Folder using Guid(1685eac88ad0eab47962f6b986899e1f) Importer(815301076,1909f56bfc062723c751e8b465ee728b)  -> (artifact id: '07a1935947b03d803fd9dc664ed48b51') in 0.018038 seconds
  Import took 0.037297 seconds .

========================================================================
Received Import Request.
  Time since last request: 3.295880 seconds.
  path: Assets/Scripts
  artifactKey: Guid(1685eac88ad0eab47962f6b986899e1f) Importer(815301076,1909f56bfc062723c751e8b465ee728b)
Start importing Assets/Scripts using Guid(1685eac88ad0eab47962f6b986899e1f) Importer(815301076,1909f56bfc062723c751e8b465ee728b)  -> (artifact id: 'd5d61c7fc3973c5fa465dd93655c3913') in 0.014089 seconds
  Import took 0.085794 seconds .

========================================================================
Received Import Request.
  Time since last request: 2.146630 seconds.
  path: Assets/New Folder 1
  artifactKey: Guid(1bd501d5fcb93e24395b885d6af07440) Importer(815301076,1909f56bfc062723c751e8b465ee728b)
Start importing Assets/New Folder 1 using Guid(1bd501d5fcb93e24395b885d6af07440) Importer(815301076,1909f56bfc062723c751e8b465ee728b)  -> (artifact id: 'a2dd789fd9a82d9d46b342c3f2c7d522') in 0.012044 seconds
  Import took 0.082242 seconds .

========================================================================
Received Import Request.
  Time since last request: 6.497337 seconds.
  path: Assets/Sprites
  artifactKey: Guid(1bd501d5fcb93e24395b885d6af07440) Importer(815301076,1909f56bfc062723c751e8b465ee728b)
Start importing Assets/Sprites using Guid(1bd501d5fcb93e24395b885d6af07440) Importer(815301076,1909f56bfc062723c751e8b465ee728b)  -> (artifact id: '80787a01e9fab4829d877bcfe7513b2a') in 0.018335 seconds
  Import took 0.033833 seconds .

========================================================================
Received Import Request.
  Time since last request: 9.264450 seconds.
  path: Assets/Animations
  artifactKey: Guid(529c01839f743ae4b9d84f43b93d1cb2) Importer(815301076,1909f56bfc062723c751e8b465ee728b)
Start importing Assets/Animations using Guid(529c01839f743ae4b9d84f43b93d1cb2) Importer(815301076,1909f56bfc062723c751e8b465ee728b)  -> (artifact id: '5725472def994bb536115bdc6060d025') in 0.021842 seconds
  Import took 0.030020 seconds .

========================================================================
Received Import Request.
  Time since last request: 6.952908 seconds.
  path: Assets/Animations/New Folder
  artifactKey: Guid(13e94c24eae55e14299d936dc0d98606) Importer(815301076,1909f56bfc062723c751e8b465ee728b)
Start importing Assets/Animations/New Folder using Guid(13e94c24eae55e14299d936dc0d98606) Importer(815301076,1909f56bfc062723c751e8b465ee728b)  -> (artifact id: 'e885ec988540c92bd4c8f386ed354c9c') in 0.009256 seconds
  Import took 0.019240 seconds .

========================================================================
Received Import Request.
  Time since last request: 21.393567 seconds.
  path: Assets/Animations/PlayerAnimation
  artifactKey: Guid(13e94c24eae55e14299d936dc0d98606) Importer(815301076,1909f56bfc062723c751e8b465ee728b)
Start importing Assets/Animations/PlayerAnimation using Guid(13e94c24eae55e14299d936dc0d98606) Importer(815301076,1909f56bfc062723c751e8b465ee728b)  -> (artifact id: 'ed63a2ba86035e62401a689d879fa46a') in 0.011096 seconds
  Import took 0.037274 seconds .

========================================================================
Received Import Request.
  Time since last request: 16.295625 seconds.
  path: Assets/Animations/EnemyAnimation
  artifactKey: Guid(e5c0a988421e27447bb4ca6fe2d87cf5) Importer(815301076,1909f56bfc062723c751e8b465ee728b)
Start importing Assets/Animations/EnemyAnimation using Guid(e5c0a988421e27447bb4ca6fe2d87cf5) Importer(815301076,1909f56bfc062723c751e8b465ee728b)  -> (artifact id: 'f060306d3667cc25c8b7a4df8f91ab8e') in 0.018859 seconds
  Import took 0.025427 seconds .

========================================================================
Received Import Request.
  Time since last request: 2.800974 seconds.
  path: Assets/Scenes
  artifactKey: Guid(408105e566cf6bf488ad6a908a6e0f42) Importer(815301076,1909f56bfc062723c751e8b465ee728b)
Start importing Assets/Scenes using Guid(408105e566cf6bf488ad6a908a6e0f42) Importer(815301076,1909f56bfc062723c751e8b465ee728b)  -> (artifact id: 'f44d5f35d20dbfda11c39db2c788ced4') in 0.011468 seconds
  Import took 0.034391 seconds .

========================================================================
Received Import Request.
  Time since last request: 2.229716 seconds.
  path: Assets
  artifactKey: Guid(00000000000000001000000000000000) Importer(815301076,1909f56bfc062723c751e8b465ee728b)
Start importing Assets using Guid(00000000000000001000000000000000) Importer(815301076,1909f56bfc062723c751e8b465ee728b)  -> (artifact id: '42d402b061de3733987d63b9cc3b64de') in 0.016250 seconds
  Import took 0.133941 seconds .

========================================================================
Received Import Request.
  Time since last request: 4.926512 seconds.
  path: Assets/Prefabs
  artifactKey: Guid(33283e29396d65d45b4733749a4407be) Importer(815301076,1909f56bfc062723c751e8b465ee728b)
Start importing Assets/Prefabs using Guid(33283e29396d65d45b4733749a4407be) Importer(815301076,1909f56bfc062723c751e8b465ee728b)  -> (artifact id: '5d26f0652c8a0bbbd9a21f50c56a7fe0') in 0.010479 seconds
  Import took 0.018290 seconds .

========================================================================
Received Import Request.
  Time since last request: 31.477792 seconds.
  path: Assets/Scripts/CharacterController2D.cs
  artifactKey: Guid(28a8bcbc2e889014bba5aeec627c520f) Importer(815301076,1909f56bfc062723c751e8b465ee728b)
Start importing Assets/Scripts/CharacterController2D.cs using Guid(28a8bcbc2e889014bba5aeec627c520f) Importer(815301076,1909f56bfc062723c751e8b465ee728b)  -> (artifact id: '9a70f9bee3c96ee78b01d3c2dc085446') in 0.195438 seconds
  Import took 0.201355 seconds .

========================================================================
Received Prepare
Registering precompiled user dll's ...
Registered in 0.003948 seconds.
Begin MonoManager ReloadAssembly
Native extension for LinuxStandalone target not found
Native extension for WindowsStandalone target not found
Native extension for OSXStandalone target not found
Native extension for WebGL target not found
Refreshing native plugins compatible for Editor in 0.47 ms, found 3 plugins.
Preloading 0 native plugins for Editor in 0.00 ms.
Mono: successfully reloaded assembly
- Completed reload, in  1.354 seconds
Platform modules already initialized, skipping
Refreshing native plugins compatible for Editor in 0.89 ms, found 3 plugins.
Preloading 0 native plugins for Editor in 0.00 ms.
Unloading 2076 Unused Serialized files (Serialized files now loaded: 0)
System memory in use before: 92.8 MB.
System memory in use after: 92.8 MB.

Unloading 21 unused Assets to reduce memory usage. Loaded Objects now: 2518.
Total: 3.164700 ms (FindLiveObjects: 0.229000 ms CreateObjectMapping: 0.076300 ms MarkObjects: 2.681600 ms  DeleteObjects: 0.176400 ms)

========================================================================
Received Import Request.
  Time since last request: 71.244518 seconds.
  path: Assets/PlayerMovement.cs
  artifactKey: Guid(0447b2992a239624d80fb002cdf73894) Importer(815301076,1909f56bfc062723c751e8b465ee728b)
Start importing Assets/PlayerMovement.cs using Guid(0447b2992a239624d80fb002cdf73894) Importer(815301076,1909f56bfc062723c751e8b465ee728b)  -> (artifact id: 'a2a067664137c72ba9d0192d49e62c14') in 0.016742 seconds
  Import took 0.022945 seconds .

========================================================================
Received Prepare
Registering precompiled user dll's ...
Registered in 0.003999 seconds.
Begin MonoManager ReloadAssembly
Native extension for LinuxStandalone target not found
Native extension for WindowsStandalone target not found
Native extension for OSXStandalone target not found
Native extension for WebGL target not found
Refreshing native plugins compatible for Editor in 0.45 ms, found 3 plugins.
Preloading 0 native plugins for Editor in 0.00 ms.
Mono: successfully reloaded assembly
- Completed reload, in  1.343 seconds
Platform modules already initialized, skipping
Refreshing native plugins compatible for Editor in 0.69 ms, found 3 plugins.
Preloading 0 native plugins for Editor in 0.00 ms.
Unloading 2077 Unused Serialized files (Serialized files now loaded: 0)
System memory in use before: 92.9 MB.
System memory in use after: 92.9 MB.

Unloading 21 unused Assets to reduce memory usage. Loaded Objects now: 2523.
Total: 2.959800 ms (FindLiveObjects: 0.227500 ms CreateObjectMapping: 0.078300 ms MarkObjects: 2.542500 ms  DeleteObjects: 0.110200 ms)

========================================================================
Received Prepare
Registering precompiled user dll's ...
Registered in 0.004698 seconds.
Begin MonoManager ReloadAssembly
Native extension for LinuxStandalone target not found
Native extension for WindowsStandalone target not found
Native extension for OSXStandalone target not found
Native extension for WebGL target not found
Refreshing native plugins compatible for Editor in 0.48 ms, found 3 plugins.
Preloading 0 native plugins for Editor in 0.00 ms.
Mono: successfully reloaded assembly
- Completed reload, in  1.392 seconds
Platform modules already initialized, skipping
Refreshing native plugins compatible for Editor in 0.49 ms, found 3 plugins.
Preloading 0 native plugins for Editor in 0.00 ms.
Unloading 2077 Unused Serialized files (Serialized files now loaded: 0)
System memory in use before: 92.9 MB.
System memory in use after: 92.9 MB.

Unloading 21 unused Assets to reduce memory usage. Loaded Objects now: 2527.
Total: 3.008200 ms (FindLiveObjects: 0.302000 ms CreateObjectMapping: 0.282800 ms MarkObjects: 2.252000 ms  DeleteObjects: 0.169900 ms)

========================================================================
Received Prepare
Registering precompiled user dll's ...
Registered in 0.004557 seconds.
Begin MonoManager ReloadAssembly
Native extension for LinuxStandalone target not found
Native extension for WindowsStandalone target not found
Native extension for OSXStandalone target not found
Native extension for WebGL target not found
Refreshing native plugins compatible for Editor in 0.62 ms, found 3 plugins.
Preloading 0 native plugins for Editor in 0.00 ms.
Mono: successfully reloaded assembly
- Completed reload, in  1.220 seconds
Platform modules already initialized, skipping
Refreshing native plugins compatible for Editor in 0.48 ms, found 3 plugins.
Preloading 0 native plugins for Editor in 0.00 ms.
Unloading 2077 Unused Serialized files (Serialized files now loaded: 0)
System memory in use before: 93.0 MB.
System memory in use after: 92.9 MB.

Unloading 21 unused Assets to reduce memory usage. Loaded Objects now: 2531.
Total: 3.050900 ms (FindLiveObjects: 0.214300 ms CreateObjectMapping: 0.082000 ms MarkObjects: 2.646600 ms  DeleteObjects: 0.106900 ms)

========================================================================
Received Import Request.
  Time since last request: 174.901476 seconds.
  path: ProjectSettings/TagManager.asset
  artifactKey: Guid(00000000000000003000000000000000) Importer(815301076,1909f56bfc062723c751e8b465ee728b)
Start importing ProjectSettings/TagManager.asset using Guid(00000000000000003000000000000000) Importer(815301076,1909f56bfc062723c751e8b465ee728b)  -> (artifact id: '95df672b4aaba54310d34c83eef51bb8') in 0.044060 seconds
  Import took 0.065601 seconds .

========================================================================
Received Import Request.
  Time since last request: 31.580023 seconds.
  path: Assets/Prefabs/Square.prefab
  artifactKey: Guid(1e36397c2594b204984f990a843e6fcc) Importer(815301076,1909f56bfc062723c751e8b465ee728b)
Start importing Assets/Prefabs/Square.prefab using Guid(1e36397c2594b204984f990a843e6fcc) Importer(815301076,1909f56bfc062723c751e8b465ee728b)  -> (artifact id: '088d154536ad1dd635d556ce70ebff57') in 0.178639 seconds
  Import took 0.206957 seconds .

========================================================================
Received Import Request.
  Time since last request: 14.973702 seconds.
  path: Assets/Prefabs/Square.prefab
  artifactKey: Guid(1e36397c2594b204984f990a843e6fcc) Importer(815301076,1909f56bfc062723c751e8b465ee728b)
Start importing Assets/Prefabs/Square.prefab using Guid(1e36397c2594b204984f990a843e6fcc) Importer(815301076,1909f56bfc062723c751e8b465ee728b)  -> (artifact id: '93761b21a9c07f36ae7a62d804b1931c') in 0.039430 seconds
  Import took 0.097494 seconds .

========================================================================
Received Import Request.
  Time since last request: 1.960748 seconds.
  path: Assets/Prefabs/Square.prefab
  artifactKey: Guid(1e36397c2594b204984f990a843e6fcc) Importer(815301076,1909f56bfc062723c751e8b465ee728b)
Start importing Assets/Prefabs/Square.prefab using Guid(1e36397c2594b204984f990a843e6fcc) Importer(815301076,1909f56bfc062723c751e8b465ee728b)  -> (artifact id: '8045a8b1bdb76c0882cee8d8933fd96b') in 0.026282 seconds
  Import took 0.035557 seconds .

========================================================================
Received Import Request.
  Time since last request: 426.022980 seconds.
  path: ProjectSettings/TagManager.asset
  artifactKey: Guid(00000000000000003000000000000000) Importer(815301076,1909f56bfc062723c751e8b465ee728b)
Start importing ProjectSettings/TagManager.asset using Guid(00000000000000003000000000000000) Importer(815301076,1909f56bfc062723c751e8b465ee728b)  -> (artifact id: '8209485b870c93c1c74494df0765a346') in 0.014589 seconds
  Import took 0.038075 seconds .

========================================================================
Received Prepare
Registering precompiled user dll's ...
Registered in 0.004769 seconds.
Begin MonoManager ReloadAssembly
Native extension for LinuxStandalone target not found
Native extension for WindowsStandalone target not found
Native extension for OSXStandalone target not found
Native extension for WebGL target not found
Refreshing native plugins compatible for Editor in 0.50 ms, found 3 plugins.
Preloading 0 native plugins for Editor in 0.00 ms.
Mono: successfully reloaded assembly
- Completed reload, in  1.227 seconds
Platform modules already initialized, skipping
Refreshing native plugins compatible for Editor in 0.51 ms, found 3 plugins.
Preloading 0 native plugins for Editor in 0.00 ms.
Unloading 2077 Unused Serialized files (Serialized files now loaded: 0)
System memory in use before: 96.0 MB.
System memory in use after: 95.9 MB.

Unloading 23 unused Assets to reduce memory usage. Loaded Objects now: 2542.
Total: 2.538000 ms (FindLiveObjects: 0.261400 ms CreateObjectMapping: 0.097700 ms MarkObjects: 2.061600 ms  DeleteObjects: 0.116300 ms)

========================================================================
Received Prepare
Registering precompiled user dll's ...
Registered in 0.003576 seconds.
Begin MonoManager ReloadAssembly
Native extension for LinuxStandalone target not found
Native extension for WindowsStandalone target not found
Native extension for OSXStandalone target not found
Native extension for WebGL target not found
Refreshing native plugins compatible for Editor in 0.53 ms, found 3 plugins.
Preloading 0 native plugins for Editor in 0.00 ms.
Mono: successfully reloaded assembly
- Completed reload, in  1.488 seconds
Platform modules already initialized, skipping
Refreshing native plugins compatible for Editor in 1.44 ms, found 3 plugins.
Preloading 0 native plugins for Editor in 0.00 ms.
Unloading 2077 Unused Serialized files (Serialized files now loaded: 0)
System memory in use before: 96.0 MB.
System memory in use after: 95.9 MB.

Unloading 21 unused Assets to reduce memory usage. Loaded Objects now: 2546.
Total: 4.059200 ms (FindLiveObjects: 0.251800 ms CreateObjectMapping: 0.340100 ms MarkObjects: 3.297200 ms  DeleteObjects: 0.167800 ms)

========================================================================
Received Prepare
Registering precompiled user dll's ...
Registered in 0.007945 seconds.
Begin MonoManager ReloadAssembly
Native extension for LinuxStandalone target not found
Native extension for WindowsStandalone target not found
Native extension for OSXStandalone target not found
Native extension for WebGL target not found
Refreshing native plugins compatible for Editor in 0.49 ms, found 3 plugins.
Preloading 0 native plugins for Editor in 0.00 ms.
Mono: successfully reloaded assembly
- Completed reload, in  1.415 seconds
Platform modules already initialized, skipping
Refreshing native plugins compatible for Editor in 0.50 ms, found 3 plugins.
Preloading 0 native plugins for Editor in 0.00 ms.
Unloading 2077 Unused Serialized files (Serialized files now loaded: 0)
System memory in use before: 96.0 MB.
System memory in use after: 95.9 MB.

Unloading 21 unused Assets to reduce memory usage. Loaded Objects now: 2550.
Total: 3.160100 ms (FindLiveObjects: 0.222100 ms CreateObjectMapping: 0.079800 ms MarkObjects: 2.715400 ms  DeleteObjects: 0.141700 ms)

========================================================================
Received Prepare
Registering precompiled user dll's ...
Registered in 0.003595 seconds.
Begin MonoManager ReloadAssembly
Native extension for LinuxStandalone target not found
Native extension for WindowsStandalone target not found
Native extension for OSXStandalone target not found
Native extension for WebGL target not found
Refreshing native plugins compatible for Editor in 0.51 ms, found 3 plugins.
Preloading 0 native plugins for Editor in 0.00 ms.
Mono: successfully reloaded assembly
- Completed reload, in  1.410 seconds
Platform modules already initialized, skipping
Refreshing native plugins compatible for Editor in 0.96 ms, found 3 plugins.
Preloading 0 native plugins for Editor in 0.00 ms.
Unloading 2077 Unused Serialized files (Serialized files now loaded: 0)
System memory in use before: 96.0 MB.
System memory in use after: 96.0 MB.

Unloading 21 unused Assets to reduce memory usage. Loaded Objects now: 2554.
Total: 2.858200 ms (FindLiveObjects: 0.267200 ms CreateObjectMapping: 0.108200 ms MarkObjects: 2.356900 ms  DeleteObjects: 0.123900 ms)

========================================================================
Received Prepare
Registering precompiled user dll's ...
Registered in 0.004408 seconds.
Begin MonoManager ReloadAssembly
Native extension for LinuxStandalone target not found
Native extension for WindowsStandalone target not found
Native extension for OSXStandalone target not found
Native extension for WebGL target not found
Refreshing native plugins compatible for Editor in 0.77 ms, found 3 plugins.
Preloading 0 native plugins for Editor in 0.00 ms.
Mono: successfully reloaded assembly
- Completed reload, in  1.395 seconds
Platform modules already initialized, skipping
Refreshing native plugins compatible for Editor in 0.76 ms, found 3 plugins.
Preloading 0 native plugins for Editor in 0.00 ms.
Unloading 2077 Unused Serialized files (Serialized files now loaded: 0)
System memory in use before: 96.0 MB.
System memory in use after: 96.0 MB.

Unloading 21 unused Assets to reduce memory usage. Loaded Objects now: 2558.
Total: 4.427700 ms (FindLiveObjects: 0.336700 ms CreateObjectMapping: 0.142400 ms MarkObjects: 3.775800 ms  DeleteObjects: 0.171300 ms)

========================================================================
Received Prepare
Registering precompiled user dll's ...
Registered in 0.004138 seconds.
Begin MonoManager ReloadAssembly
Native extension for LinuxStandalone target not found
Native extension for WindowsStandalone target not found
Native extension for OSXStandalone target not found
Native extension for WebGL target not found
Refreshing native plugins compatible for Editor in 0.86 ms, found 3 plugins.
Preloading 0 native plugins for Editor in 0.00 ms.
Mono: successfully reloaded assembly
- Completed reload, in  1.356 seconds
Platform modules already initialized, skipping
Refreshing native plugins compatible for Editor in 0.78 ms, found 3 plugins.
Preloading 0 native plugins for Editor in 0.00 ms.
Unloading 2077 Unused Serialized files (Serialized files now loaded: 0)
System memory in use before: 96.0 MB.
System memory in use after: 96.0 MB.

Unloading 21 unused Assets to reduce memory usage. Loaded Objects now: 2562.
Total: 2.759800 ms (FindLiveObjects: 0.258700 ms CreateObjectMapping: 0.096600 ms MarkObjects: 2.274500 ms  DeleteObjects: 0.129000 ms)

========================================================================
Received Prepare
Registering precompiled user dll's ...
Registered in 0.004564 seconds.
Begin MonoManager ReloadAssembly
Native extension for LinuxStandalone target not found
Native extension for WindowsStandalone target not found
Native extension for OSXStandalone target not found
Native extension for WebGL target not found
Refreshing native plugins compatible for Editor in 0.50 ms, found 3 plugins.
Preloading 0 native plugins for Editor in 0.00 ms.
Mono: successfully reloaded assembly
- Completed reload, in  1.718 seconds
Platform modules already initialized, skipping
Refreshing native plugins compatible for Editor in 2.03 ms, found 3 plugins.
Preloading 0 native plugins for Editor in 0.00 ms.
Unloading 2077 Unused Serialized files (Serialized files now loaded: 0)
System memory in use before: 96.0 MB.
System memory in use after: 96.0 MB.

Unloading 21 unused Assets to reduce memory usage. Loaded Objects now: 2566.
Total: 2.748400 ms (FindLiveObjects: 0.253800 ms CreateObjectMapping: 0.156800 ms MarkObjects: 2.211000 ms  DeleteObjects: 0.124100 ms)

========================================================================
Received Import Request.
  Time since last request: 1029.576081 seconds.
  path: Assets/New Folder
  artifactKey: Guid(603a4a328bc284d4f86422c0056b2c54) Importer(815301076,1909f56bfc062723c751e8b465ee728b)
Start importing Assets/New Folder using Guid(603a4a328bc284d4f86422c0056b2c54) Importer(815301076,1909f56bfc062723c751e8b465ee728b)  -> (artifact id: '3a822e54855537c363a7d6c5f44c3905') in 0.031676 seconds
  Import took 0.058984 seconds .

========================================================================
Received Import Request.
  Time since last request: 14.057987 seconds.
  path: Assets/Materials
  artifactKey: Guid(603a4a328bc284d4f86422c0056b2c54) Importer(815301076,1909f56bfc062723c751e8b465ee728b)
Start importing Assets/Materials using Guid(603a4a328bc284d4f86422c0056b2c54) Importer(815301076,1909f56bfc062723c751e8b465ee728b)  -> (artifact id: 'f23cd17dea4b33571cdba76369b5c587') in 0.019832 seconds
  Import took 0.056327 seconds .

========================================================================
Received Import Request.
  Time since last request: 25.676881 seconds.
  path: Assets/Materials/PlayerPhysicsMaterial.physicMaterial
  artifactKey: Guid(51ccd30eaf007c9459e355ef9518ae84) Importer(815301076,1909f56bfc062723c751e8b465ee728b)
Start importing Assets/Materials/PlayerPhysicsMaterial.physicMaterial using Guid(51ccd30eaf007c9459e355ef9518ae84) Importer(815301076,1909f56bfc062723c751e8b465ee728b)  -> (artifact id: '3467405f2b1d8a488561805c391a19a1') in 0.081736 seconds
  Import took 0.098134 seconds .

========================================================================
Received Import Request.
  Time since last request: 12.386879 seconds.
  path: Assets/Materials/PlayerPhysicsMaterial.physicMaterial
  artifactKey: Guid(51ccd30eaf007c9459e355ef9518ae84) Importer(815301076,1909f56bfc062723c751e8b465ee728b)
Start importing Assets/Materials/PlayerPhysicsMaterial.physicMaterial using Guid(51ccd30eaf007c9459e355ef9518ae84) Importer(815301076,1909f56bfc062723c751e8b465ee728b)  -> (artifact id: '9dd4a726bf9b0b07b33014e75b163940') in 0.007878 seconds
  Import took 0.109178 seconds .

========================================================================
Received Import Request.
  Time since last request: 12.551541 seconds.
  path: Packages/com.unity.2d.sprite/Editor/ObjectMenuCreation/DefaultAssets/Textures/Capsule.png
  artifactKey: Guid(bd3cb4af8406d4436a2ae8c2aafe1f8d) Importer(815301076,1909f56bfc062723c751e8b465ee728b)
Start importing Packages/com.unity.2d.sprite/Editor/ObjectMenuCreation/DefaultAssets/Textures/Capsule.png using Guid(bd3cb4af8406d4436a2ae8c2aafe1f8d) Importer(815301076,1909f56bfc062723c751e8b465ee728b)  -> (artifact id: '4720ed190e1a7817bbfc67a079ccfd84') in 0.208473 seconds
  Import took 0.364195 seconds .

========================================================================
Received Import Request.
  Time since last request: 0.013112 seconds.
  path: Packages/com.unity.2d.sprite/Editor/ObjectMenuCreation/DefaultAssets/Textures/Capsule.png
  artifactKey: Guid(bd3cb4af8406d4436a2ae8c2aafe1f8d) Importer(815301076,1909f56bfc062723c751e8b465ee728b)
Start importing Packages/com.unity.2d.sprite/Editor/ObjectMenuCreation/DefaultAssets/Textures/Capsule.png using Guid(bd3cb4af8406d4436a2ae8c2aafe1f8d) Importer(815301076,1909f56bfc062723c751e8b465ee728b)  -> (artifact id: '4720ed190e1a7817bbfc67a079ccfd84') in 0.033415 seconds
  Import took 0.057543 seconds .

========================================================================
Received Import Request.
  Time since last request: 87.458073 seconds.
  path: Assets/Materials/New Physic Material.physicMaterial
  artifactKey: Guid(637d2c3a84b3b814bbafb0e0e1e5229b) Importer(815301076,1909f56bfc062723c751e8b465ee728b)
Start importing Assets/Materials/New Physic Material.physicMaterial using Guid(637d2c3a84b3b814bbafb0e0e1e5229b) Importer(815301076,1909f56bfc062723c751e8b465ee728b)  -> (artifact id: '3368f9132d684d423e02622d24cba7cc') in 0.021469 seconds
  Import took 0.027655 seconds .

========================================================================
Received Import Request.
  Time since last request: 12.028600 seconds.
  path: Packages/com.unity.2d.sprite/Editor/ObjectMenuCreation/DefaultAssets/Textures/Square.png
  artifactKey: Guid(48e93eef0688c4a259cb0eddcd8661f7) Importer(815301076,1909f56bfc062723c751e8b465ee728b)
Start importing Packages/com.unity.2d.sprite/Editor/ObjectMenuCreation/DefaultAssets/Textures/Square.png using Guid(48e93eef0688c4a259cb0eddcd8661f7) Importer(815301076,1909f56bfc062723c751e8b465ee728b)  -> (artifact id: '67f9d2c87602c9de665cd5edc8b46197') in 0.039080 seconds
  Import took 0.045140 seconds .

========================================================================
Received Import Request.
  Time since last request: 88.000597 seconds.
  path: Assets/Scripts/PlayerMovement.cs
  artifactKey: Guid(0447b2992a239624d80fb002cdf73894) Importer(815301076,1909f56bfc062723c751e8b465ee728b)
Start importing Assets/Scripts/PlayerMovement.cs using Guid(0447b2992a239624d80fb002cdf73894) Importer(815301076,1909f56bfc062723c751e8b465ee728b)  -> (artifact id: '7f3c28211a4cd6128703bd1fd39e382f') in 0.004836 seconds
  Import took 0.365358 seconds .

========================================================================
Received Import Request.
  Time since last request: 0.057759 seconds.
  path: Assets/Scripts/CharacterController2D.cs
  artifactKey: Guid(28a8bcbc2e889014bba5aeec627c520f) Importer(815301076,1909f56bfc062723c751e8b465ee728b)
Start importing Assets/Scripts/CharacterController2D.cs using Guid(28a8bcbc2e889014bba5aeec627c520f) Importer(815301076,1909f56bfc062723c751e8b465ee728b)  -> (artifact id: '3c3aa1ab6b32511cc6f72e4b4be81135') in 0.007518 seconds
  Import took 0.041401 seconds .

========================================================================
Received Import Request.
  Time since last request: 21.927680 seconds.
  path: Assets/Materials/New Physics Material 2D.physicsMaterial2D
  artifactKey: Guid(e70898abd668cc44eb729fae30f786a5) Importer(815301076,1909f56bfc062723c751e8b465ee728b)
Start importing Assets/Materials/New Physics Material 2D.physicsMaterial2D using Guid(e70898abd668cc44eb729fae30f786a5) Importer(815301076,1909f56bfc062723c751e8b465ee728b)  -> (artifact id: '77be81b75e91762694edd8eefe551b24') in 0.019942 seconds
  Import took 0.077850 seconds .

========================================================================
Received Prepare
Registering precompiled user dll's ...
Registered in 0.003344 seconds.
Begin MonoManager ReloadAssembly
Native extension for LinuxStandalone target not found
Native extension for WindowsStandalone target not found
Native extension for OSXStandalone target not found
Native extension for WebGL target not found
Refreshing native plugins compatible for Editor in 3.13 ms, found 3 plugins.
Preloading 0 native plugins for Editor in 0.00 ms.
Mono: successfully reloaded assembly
- Completed reload, in  2.014 seconds
Platform modules already initialized, skipping
Refreshing native plugins compatible for Editor in 0.88 ms, found 3 plugins.
Preloading 0 native plugins for Editor in 0.00 ms.
Unloading 2077 Unused Serialized files (Serialized files now loaded: 0)
System memory in use before: 96.0 MB.
System memory in use after: 96.0 MB.

Unloading 21 unused Assets to reduce memory usage. Loaded Objects now: 2575.
Total: 3.109200 ms (FindLiveObjects: 0.228700 ms CreateObjectMapping: 0.089700 ms MarkObjects: 2.661000 ms  DeleteObjects: 0.128600 ms)

========================================================================
Received Prepare
Registering precompiled user dll's ...
Registered in 0.005502 seconds.
Begin MonoManager ReloadAssembly
Native extension for LinuxStandalone target not found
Native extension for WindowsStandalone target not found
Native extension for OSXStandalone target not found
Native extension for WebGL target not found
Refreshing native plugins compatible for Editor in 0.87 ms, found 3 plugins.
Preloading 0 native plugins for Editor in 0.00 ms.
Mono: successfully reloaded assembly
- Completed reload, in  3.926 seconds
Platform modules already initialized, skipping
Refreshing native plugins compatible for Editor in 0.51 ms, found 3 plugins.
Preloading 0 native plugins for Editor in 0.00 ms.
Unloading 2085 Unused Serialized files (Serialized files now loaded: 0)
System memory in use before: 96.3 MB.
System memory in use after: 96.3 MB.

Unloading 21 unused Assets to reduce memory usage. Loaded Objects now: 2587.
Total: 2.720000 ms (FindLiveObjects: 0.258100 ms CreateObjectMapping: 0.102700 ms MarkObjects: 2.212600 ms  DeleteObjects: 0.145500 ms)

========================================================================
Received Prepare
Registering precompiled user dll's ...
Registered in 0.004215 seconds.
Begin MonoManager ReloadAssembly
Native extension for LinuxStandalone target not found
Native extension for WindowsStandalone target not found
Native extension for OSXStandalone target not found
Native extension for WebGL target not found
Refreshing native plugins compatible for Editor in 0.54 ms, found 3 plugins.
Preloading 0 native plugins for Editor in 0.00 ms.
Mono: successfully reloaded assembly
- Completed reload, in  1.624 seconds
Platform modules already initialized, skipping
Refreshing native plugins compatible for Editor in 1.27 ms, found 3 plugins.
Preloading 0 native plugins for Editor in 0.00 ms.
Unloading 2085 Unused Serialized files (Serialized files now loaded: 0)
System memory in use before: 96.3 MB.
System memory in use after: 96.3 MB.

Unloading 21 unused Assets to reduce memory usage. Loaded Objects now: 2591.
Total: 3.283500 ms (FindLiveObjects: 0.267200 ms CreateObjectMapping: 0.132100 ms MarkObjects: 2.748200 ms  DeleteObjects: 0.134400 ms)

========================================================================
Received Prepare
Registering precompiled user dll's ...
Registered in 0.004494 seconds.
Begin MonoManager ReloadAssembly
Native extension for LinuxStandalone target not found
Native extension for WindowsStandalone target not found
Native extension for OSXStandalone target not found
Native extension for WebGL target not found
Refreshing native plugins compatible for Editor in 0.99 ms, found 3 plugins.
Preloading 0 native plugins for Editor in 0.00 ms.
Mono: successfully reloaded assembly
- Completed reload, in  1.849 seconds
Platform modules already initialized, skipping
Refreshing native plugins compatible for Editor in 0.61 ms, found 3 plugins.
Preloading 0 native plugins for Editor in 0.00 ms.
Unloading 2085 Unused Serialized files (Serialized files now loaded: 0)
System memory in use before: 96.3 MB.
System memory in use after: 96.3 MB.

Unloading 21 unused Assets to reduce memory usage. Loaded Objects now: 2595.
Total: 5.005500 ms (FindLiveObjects: 0.690200 ms CreateObjectMapping: 0.399900 ms MarkObjects: 3.768400 ms  DeleteObjects: 0.145300 ms)

========================================================================
Received Prepare
Registering precompiled user dll's ...
Registered in 0.006333 seconds.
Begin MonoManager ReloadAssembly
Native extension for LinuxStandalone target not found
Native extension for WindowsStandalone target not found
Native extension for OSXStandalone target not found
Native extension for WebGL target not found
Refreshing native plugins compatible for Editor in 0.87 ms, found 3 plugins.
Preloading 0 native plugins for Editor in 0.00 ms.
Mono: successfully reloaded assembly
- Completed reload, in  2.016 seconds
Platform modules already initialized, skipping
Refreshing native plugins compatible for Editor in 0.84 ms, found 3 plugins.
Preloading 0 native plugins for Editor in 0.00 ms.
Unloading 2085 Unused Serialized files (Serialized files now loaded: 0)
System memory in use before: 96.3 MB.
System memory in use after: 96.3 MB.

Unloading 21 unused Assets to reduce memory usage. Loaded Objects now: 2599.
Total: 5.647500 ms (FindLiveObjects: 0.828500 ms CreateObjectMapping: 0.160400 ms MarkObjects: 4.508000 ms  DeleteObjects: 0.148100 ms)

========================================================================
Received Prepare
Registering precompiled user dll's ...
Registered in 0.008294 seconds.
Begin MonoManager ReloadAssembly
Native extension for LinuxStandalone target not found
Native extension for WindowsStandalone target not found
Native extension for OSXStandalone target not found
Native extension for WebGL target not found
Refreshing native plugins compatible for Editor in 0.49 ms, found 3 plugins.
Preloading 0 native plugins for Editor in 0.00 ms.
Mono: successfully reloaded assembly
- Completed reload, in  1.631 seconds
Platform modules already initialized, skipping
Refreshing native plugins compatible for Editor in 0.49 ms, found 3 plugins.
Preloading 0 native plugins for Editor in 0.00 ms.
Unloading 2085 Unused Serialized files (Serialized files now loaded: 0)
System memory in use before: 96.4 MB.
System memory in use after: 96.3 MB.

Unloading 21 unused Assets to reduce memory usage. Loaded Objects now: 2603.
Total: 3.055600 ms (FindLiveObjects: 0.236800 ms CreateObjectMapping: 0.093500 ms MarkObjects: 2.588900 ms  DeleteObjects: 0.135700 ms)

========================================================================
Received Prepare
Registering precompiled user dll's ...
Registered in 0.004850 seconds.
Begin MonoManager ReloadAssembly
Native extension for LinuxStandalone target not found
Native extension for WindowsStandalone target not found
Native extension for OSXStandalone target not found
Native extension for WebGL target not found
Refreshing native plugins compatible for Editor in 0.48 ms, found 3 plugins.
Preloading 0 native plugins for Editor in 0.00 ms.
Mono: successfully reloaded assembly
- Completed reload, in  1.091 seconds
Platform modules already initialized, skipping
Refreshing native plugins compatible for Editor in 0.49 ms, found 3 plugins.
Preloading 0 native plugins for Editor in 0.00 ms.
Unloading 2085 Unused Serialized files (Serialized files now loaded: 0)
System memory in use before: 96.4 MB.
System memory in use after: 96.4 MB.

Unloading 21 unused Assets to reduce memory usage. Loaded Objects now: 2607.
Total: 2.803500 ms (FindLiveObjects: 0.236200 ms CreateObjectMapping: 0.077500 ms MarkObjects: 2.309100 ms  DeleteObjects: 0.179600 ms)

========================================================================
Received Import Request.
  Time since last request: 1422.936575 seconds.
  path: Assets/Scenes/GameStart.unity
  artifactKey: Guid(6152f9914ac84ea4bb276caf2e51bfb9) Importer(815301076,1909f56bfc062723c751e8b465ee728b)
Start importing Assets/Scenes/GameStart.unity using Guid(6152f9914ac84ea4bb276caf2e51bfb9) Importer(815301076,1909f56bfc062723c751e8b465ee728b)  -> (artifact id: '706f45325112c97ef50b6f372603b98a') in 0.029126 seconds
  Import took 0.062758 seconds .

========================================================================
Received Prepare
Registering precompiled user dll's ...
Registered in 0.003206 seconds.
Begin MonoManager ReloadAssembly
Native extension for LinuxStandalone target not found
Native extension for WindowsStandalone target not found
Native extension for OSXStandalone target not found
Native extension for WebGL target not found
Refreshing native plugins compatible for Editor in 0.47 ms, found 3 plugins.
Preloading 0 native plugins for Editor in 0.00 ms.
Mono: successfully reloaded assembly
- Completed reload, in  1.360 seconds
Platform modules already initialized, skipping
Refreshing native plugins compatible for Editor in 0.76 ms, found 3 plugins.
Preloading 0 native plugins for Editor in 0.00 ms.
Unloading 2098 Unused Serialized files (Serialized files now loaded: 0)
System memory in use before: 98.4 MB.
System memory in use after: 97.7 MB.

Unloading 34 unused Assets to reduce memory usage. Loaded Objects now: 2611.
Total: 4.235300 ms (FindLiveObjects: 0.349400 ms CreateObjectMapping: 0.131900 ms MarkObjects: 3.195800 ms  DeleteObjects: 0.556600 ms)

========================================================================
Received Prepare
Registering precompiled user dll's ...
Registered in 0.003966 seconds.
Begin MonoManager ReloadAssembly
Native extension for LinuxStandalone target not found
Native extension for WindowsStandalone target not found
Native extension for OSXStandalone target not found
Native extension for WebGL target not found
Refreshing native plugins compatible for Editor in 0.59 ms, found 3 plugins.
Preloading 0 native plugins for Editor in 0.00 ms.
Mono: successfully reloaded assembly
- Completed reload, in  1.413 seconds
Platform modules already initialized, skipping
Refreshing native plugins compatible for Editor in 0.50 ms, found 3 plugins.
Preloading 0 native plugins for Editor in 0.00 ms.
Unloading 2098 Unused Serialized files (Serialized files now loaded: 0)
System memory in use before: 98.4 MB.
System memory in use after: 97.7 MB.

Unloading 34 unused Assets to reduce memory usage. Loaded Objects now: 2615.
Total: 4.662800 ms (FindLiveObjects: 0.268400 ms CreateObjectMapping: 0.118500 ms MarkObjects: 3.264900 ms  DeleteObjects: 1.009600 ms)

========================================================================
Received Prepare
Registering precompiled user dll's ...
Registered in 0.003039 seconds.
Begin MonoManager ReloadAssembly
Native extension for LinuxStandalone target not found
Native extension for WindowsStandalone target not found
Native extension for OSXStandalone target not found
Native extension for WebGL target not found
Refreshing native plugins compatible for Editor in 0.47 ms, found 3 plugins.
Preloading 0 native plugins for Editor in 0.00 ms.
Mono: successfully reloaded assembly
- Completed reload, in  1.197 seconds
Platform modules already initialized, skipping
Refreshing native plugins compatible for Editor in 0.48 ms, found 3 plugins.
Preloading 0 native plugins for Editor in 0.00 ms.
Unloading 2098 Unused Serialized files (Serialized files now loaded: 0)
System memory in use before: 98.4 MB.
System memory in use after: 97.7 MB.

Unloading 34 unused Assets to reduce memory usage. Loaded Objects now: 2619.
Total: 5.259400 ms (FindLiveObjects: 0.251900 ms CreateObjectMapping: 0.108400 ms MarkObjects: 4.420900 ms  DeleteObjects: 0.476900 ms)

========================================================================
Received Prepare
Registering precompiled user dll's ...
Registered in 0.003060 seconds.
Begin MonoManager ReloadAssembly
Native extension for LinuxStandalone target not found
Native extension for WindowsStandalone target not found
Native extension for OSXStandalone target not found
Native extension for WebGL target not found
Refreshing native plugins compatible for Editor in 0.49 ms, found 3 plugins.
Preloading 0 native plugins for Editor in 0.00 ms.
Mono: successfully reloaded assembly
- Completed reload, in  1.456 seconds
Platform modules already initialized, skipping
Refreshing native plugins compatible for Editor in 0.46 ms, found 3 plugins.
Preloading 0 native plugins for Editor in 0.00 ms.
Unloading 2099 Unused Serialized files (Serialized files now loaded: 0)
System memory in use before: 98.4 MB.
System memory in use after: 97.7 MB.

Unloading 34 unused Assets to reduce memory usage. Loaded Objects now: 2624.
Total: 3.028800 ms (FindLiveObjects: 0.259900 ms CreateObjectMapping: 0.088100 ms MarkObjects: 2.221400 ms  DeleteObjects: 0.458600 ms)

========================================================================
Received Import Request.
  Time since last request: 598.451315 seconds.
  path: Assets/MenuScript.cs
  artifactKey: Guid(8239975575ee4a942a8cfacf45d9b57d) Importer(815301076,1909f56bfc062723c751e8b465ee728b)
Start importing Assets/MenuScript.cs using Guid(8239975575ee4a942a8cfacf45d9b57d) Importer(815301076,1909f56bfc062723c751e8b465ee728b)  -> (artifact id: '1d66a3f6f432cba62eae7b37747cfe16') in 0.011836 seconds
  Import took 0.016005 seconds .

========================================================================
Received Prepare
Registering precompiled user dll's ...
Registered in 0.003108 seconds.
Begin MonoManager ReloadAssembly
Native extension for LinuxStandalone target not found
Native extension for WindowsStandalone target not found
Native extension for OSXStandalone target not found
Native extension for WebGL target not found
Refreshing native plugins compatible for Editor in 0.50 ms, found 3 plugins.
Preloading 0 native plugins for Editor in 0.00 ms.
Mono: successfully reloaded assembly
- Completed reload, in  1.578 seconds
Platform modules already initialized, skipping
Refreshing native plugins compatible for Editor in 0.50 ms, found 3 plugins.
Preloading 0 native plugins for Editor in 0.00 ms.
Unloading 2099 Unused Serialized files (Serialized files now loaded: 0)
System memory in use before: 98.4 MB.
System memory in use after: 97.8 MB.

Unloading 34 unused Assets to reduce memory usage. Loaded Objects now: 2628.
Total: 3.444200 ms (FindLiveObjects: 0.341900 ms CreateObjectMapping: 0.100400 ms MarkObjects: 2.573700 ms  DeleteObjects: 0.427100 ms)

========================================================================
Received Prepare
Registering precompiled user dll's ...
Registered in 0.005591 seconds.
Begin MonoManager ReloadAssembly
Native extension for LinuxStandalone target not found
Native extension for WindowsStandalone target not found
Native extension for OSXStandalone target not found
Native extension for WebGL target not found
Refreshing native plugins compatible for Editor in 0.67 ms, found 3 plugins.
Preloading 0 native plugins for Editor in 0.00 ms.
Mono: successfully reloaded assembly
- Completed reload, in  1.337 seconds
Platform modules already initialized, skipping
Refreshing native plugins compatible for Editor in 0.46 ms, found 3 plugins.
Preloading 0 native plugins for Editor in 0.00 ms.
Unloading 2099 Unused Serialized files (Serialized files now loaded: 0)
System memory in use before: 98.4 MB.
System memory in use after: 97.8 MB.

Unloading 34 unused Assets to reduce memory usage. Loaded Objects now: 2632.
Total: 3.331700 ms (FindLiveObjects: 0.241300 ms CreateObjectMapping: 0.083000 ms MarkObjects: 2.600700 ms  DeleteObjects: 0.405700 ms)

========================================================================
Received Prepare
Registering precompiled user dll's ...
Registered in 0.003081 seconds.
Begin MonoManager ReloadAssembly
Native extension for LinuxStandalone target not found
Native extension for WindowsStandalone target not found
Native extension for OSXStandalone target not found
Native extension for WebGL target not found
Refreshing native plugins compatible for Editor in 0.63 ms, found 3 plugins.
Preloading 0 native plugins for Editor in 0.00 ms.
Mono: successfully reloaded assembly
- Completed reload, in  1.206 seconds
Platform modules already initialized, skipping
Refreshing native plugins compatible for Editor in 0.82 ms, found 3 plugins.
Preloading 0 native plugins for Editor in 0.00 ms.
Unloading 2099 Unused Serialized files (Serialized files now loaded: 0)
System memory in use before: 98.4 MB.
System memory in use after: 97.8 MB.

Unloading 34 unused Assets to reduce memory usage. Loaded Objects now: 2636.
Total: 3.949100 ms (FindLiveObjects: 0.291500 ms CreateObjectMapping: 0.083500 ms MarkObjects: 3.002600 ms  DeleteObjects: 0.570100 ms)

========================================================================
Received Prepare
Registering precompiled user dll's ...
Registered in 0.003151 seconds.
Begin MonoManager ReloadAssembly
Native extension for LinuxStandalone target not found
Native extension for WindowsStandalone target not found
Native extension for OSXStandalone target not found
Native extension for WebGL target not found
Refreshing native plugins compatible for Editor in 1.25 ms, found 3 plugins.
Preloading 0 native plugins for Editor in 0.00 ms.
Mono: successfully reloaded assembly
- Completed reload, in  1.205 seconds
Platform modules already initialized, skipping
Refreshing native plugins compatible for Editor in 0.46 ms, found 3 plugins.
Preloading 0 native plugins for Editor in 0.00 ms.
Unloading 2099 Unused Serialized files (Serialized files now loaded: 0)
System memory in use before: 98.4 MB.
System memory in use after: 97.8 MB.

Unloading 34 unused Assets to reduce memory usage. Loaded Objects now: 2640.
Total: 3.469900 ms (FindLiveObjects: 0.249700 ms CreateObjectMapping: 0.100100 ms MarkObjects: 2.612200 ms  DeleteObjects: 0.505000 ms)

========================================================================
Received Prepare
Registering precompiled user dll's ...
Registered in 0.004939 seconds.
Begin MonoManager ReloadAssembly
Native extension for LinuxStandalone target not found
Native extension for WindowsStandalone target not found
Native extension for OSXStandalone target not found
Native extension for WebGL target not found
Refreshing native plugins compatible for Editor in 0.49 ms, found 3 plugins.
Preloading 0 native plugins for Editor in 0.00 ms.
Mono: successfully reloaded assembly
- Completed reload, in  1.459 seconds
Platform modules already initialized, skipping
Refreshing native plugins compatible for Editor in 0.48 ms, found 3 plugins.
Preloading 0 native plugins for Editor in 0.00 ms.
Unloading 2099 Unused Serialized files (Serialized files now loaded: 0)
System memory in use before: 98.5 MB.
System memory in use after: 97.8 MB.

Unloading 34 unused Assets to reduce memory usage. Loaded Objects now: 2644.
Total: 3.321800 ms (FindLiveObjects: 0.247100 ms CreateObjectMapping: 0.088300 ms MarkObjects: 2.556800 ms  DeleteObjects: 0.428800 ms)

========================================================================
Received Prepare
Registering precompiled user dll's ...
Registered in 0.005030 seconds.
Begin MonoManager ReloadAssembly
Native extension for LinuxStandalone target not found
Native extension for WindowsStandalone target not found
Native extension for OSXStandalone target not found
Native extension for WebGL target not found
Refreshing native plugins compatible for Editor in 0.50 ms, found 3 plugins.
Preloading 0 native plugins for Editor in 0.00 ms.
Mono: successfully reloaded assembly
- Completed reload, in  1.374 seconds
Platform modules already initialized, skipping
Refreshing native plugins compatible for Editor in 0.48 ms, found 3 plugins.
Preloading 0 native plugins for Editor in 0.00 ms.
Unloading 2099 Unused Serialized files (Serialized files now loaded: 0)
System memory in use before: 98.5 MB.
System memory in use after: 97.8 MB.

Unloading 34 unused Assets to reduce memory usage. Loaded Objects now: 2648.
Total: 3.609300 ms (FindLiveObjects: 0.475800 ms CreateObjectMapping: 0.133400 ms MarkObjects: 2.533700 ms  DeleteObjects: 0.464900 ms)

========================================================================
Received Prepare
Registering precompiled user dll's ...
Registered in 0.003470 seconds.
Begin MonoManager ReloadAssembly
Native extension for LinuxStandalone target not found
Native extension for WindowsStandalone target not found
Native extension for OSXStandalone target not found
Native extension for WebGL target not found
Refreshing native plugins compatible for Editor in 0.48 ms, found 3 plugins.
Preloading 0 native plugins for Editor in 0.00 ms.
Mono: successfully reloaded assembly
- Completed reload, in  1.145 seconds
Platform modules already initialized, skipping
Refreshing native plugins compatible for Editor in 0.69 ms, found 3 plugins.
Preloading 0 native plugins for Editor in 0.00 ms.
Unloading 2099 Unused Serialized files (Serialized files now loaded: 0)
System memory in use before: 98.5 MB.
System memory in use after: 97.8 MB.

Unloading 34 unused Assets to reduce memory usage. Loaded Objects now: 2652.
Total: 3.150400 ms (FindLiveObjects: 0.246600 ms CreateObjectMapping: 0.082900 ms MarkObjects: 2.338600 ms  DeleteObjects: 0.481100 ms)

========================================================================
Received Import Request.
  Time since last request: 806.044087 seconds.
  path: Assets/Scenes/GamePlay.unity
  artifactKey: Guid(2cda990e2423bbf4892e6590ba056729) Importer(815301076,1909f56bfc062723c751e8b465ee728b)
Start importing Assets/Scenes/GamePlay.unity using Guid(2cda990e2423bbf4892e6590ba056729) Importer(815301076,1909f56bfc062723c751e8b465ee728b)  -> (artifact id: '646be1c08d45ba7682c235e9372ce294') in 0.026438 seconds
  Import took 0.383209 seconds .

========================================================================
Received Prepare
Registering precompiled user dll's ...
Registered in 0.003069 seconds.
Begin MonoManager ReloadAssembly
Native extension for LinuxStandalone target not found
Native extension for WindowsStandalone target not found
Native extension for OSXStandalone target not found
Native extension for WebGL target not found
Refreshing native plugins compatible for Editor in 0.70 ms, found 3 plugins.
Preloading 0 native plugins for Editor in 0.00 ms.
Mono: successfully reloaded assembly
- Completed reload, in  1.400 seconds
Platform modules already initialized, skipping
Refreshing native plugins compatible for Editor in 0.92 ms, found 3 plugins.
Preloading 0 native plugins for Editor in 0.00 ms.
Unloading 2100 Unused Serialized files (Serialized files now loaded: 0)
System memory in use before: 98.5 MB.
System memory in use after: 97.8 MB.

Unloading 34 unused Assets to reduce memory usage. Loaded Objects now: 2657.
Total: 3.418100 ms (FindLiveObjects: 0.232200 ms CreateObjectMapping: 0.108900 ms MarkObjects: 2.643100 ms  DeleteObjects: 0.432600 ms)

========================================================================
Received Prepare
Registering precompiled user dll's ...
Registered in 0.005548 seconds.
Begin MonoManager ReloadAssembly
Native extension for LinuxStandalone target not found
Native extension for WindowsStandalone target not found
Native extension for OSXStandalone target not found
Native extension for WebGL target not found
Refreshing native plugins compatible for Editor in 0.57 ms, found 3 plugins.
Preloading 0 native plugins for Editor in 0.00 ms.
Mono: successfully reloaded assembly
- Completed reload, in  1.363 seconds
Platform modules already initialized, skipping
Refreshing native plugins compatible for Editor in 0.47 ms, found 3 plugins.
Preloading 0 native plugins for Editor in 0.00 ms.
Unloading 2100 Unused Serialized files (Serialized files now loaded: 0)
System memory in use before: 98.5 MB.
System memory in use after: 97.8 MB.

Unloading 34 unused Assets to reduce memory usage. Loaded Objects now: 2661.
Total: 4.168600 ms (FindLiveObjects: 0.372300 ms CreateObjectMapping: 0.164100 ms MarkObjects: 2.771600 ms  DeleteObjects: 0.858900 ms)

========================================================================
Received Prepare
Registering precompiled user dll's ...
Registered in 0.003514 seconds.
Begin MonoManager ReloadAssembly
Native extension for LinuxStandalone target not found
Native extension for WindowsStandalone target not found
Native extension for OSXStandalone target not found
Native extension for WebGL target not found
Refreshing native plugins compatible for Editor in 1.22 ms, found 3 plugins.
Preloading 0 native plugins for Editor in 0.00 ms.
Mono: successfully reloaded assembly
- Completed reload, in  1.542 seconds
Platform modules already initialized, skipping
Refreshing native plugins compatible for Editor in 0.50 ms, found 3 plugins.
Preloading 0 native plugins for Editor in 0.00 ms.
Unloading 2100 Unused Serialized files (Serialized files now loaded: 0)
System memory in use before: 98.5 MB.
System memory in use after: 97.9 MB.

Unloading 34 unused Assets to reduce memory usage. Loaded Objects now: 2665.
Total: 3.048600 ms (FindLiveObjects: 0.270600 ms CreateObjectMapping: 0.113900 ms MarkObjects: 2.228600 ms  DeleteObjects: 0.433800 ms)

========================================================================
Received Prepare
Registering precompiled user dll's ...
Registered in 0.003805 seconds.
Begin MonoManager ReloadAssembly
Native extension for LinuxStandalone target not found
Native extension for WindowsStandalone target not found
Native extension for OSXStandalone target not found
Native extension for WebGL target not found
Refreshing native plugins compatible for Editor in 0.49 ms, found 3 plugins.
Preloading 0 native plugins for Editor in 0.00 ms.
Mono: successfully reloaded assembly
- Completed reload, in  1.316 seconds
Platform modules already initialized, skipping
Refreshing native plugins compatible for Editor in 0.75 ms, found 3 plugins.
Preloading 0 native plugins for Editor in 0.00 ms.
Unloading 2100 Unused Serialized files (Serialized files now loaded: 0)
System memory in use before: 98.5 MB.
System memory in use after: 97.9 MB.

Unloading 34 unused Assets to reduce memory usage. Loaded Objects now: 2669.
Total: 4.005100 ms (FindLiveObjects: 0.248200 ms CreateObjectMapping: 0.103400 ms MarkObjects: 3.109700 ms  DeleteObjects: 0.542700 ms)

========================================================================
Received Prepare
Registering precompiled user dll's ...
Registered in 0.004656 seconds.
Begin MonoManager ReloadAssembly
Native extension for LinuxStandalone target not found
Native extension for WindowsStandalone target not found
Native extension for OSXStandalone target not found
Native extension for WebGL target not found
Refreshing native plugins compatible for Editor in 0.48 ms, found 3 plugins.
Preloading 0 native plugins for Editor in 0.00 ms.
Mono: successfully reloaded assembly
- Completed reload, in  1.167 seconds
Platform modules already initialized, skipping
Refreshing native plugins compatible for Editor in 0.47 ms, found 3 plugins.
Preloading 0 native plugins for Editor in 0.00 ms.
Unloading 2100 Unused Serialized files (Serialized files now loaded: 0)
System memory in use before: 98.6 MB.
System memory in use after: 97.9 MB.

Unloading 34 unused Assets to reduce memory usage. Loaded Objects now: 2673.
Total: 3.704300 ms (FindLiveObjects: 0.247800 ms CreateObjectMapping: 0.085500 ms MarkObjects: 2.743400 ms  DeleteObjects: 0.626500 ms)

========================================================================
Received Prepare
Registering precompiled user dll's ...
Registered in 0.003760 seconds.
Begin MonoManager ReloadAssembly
Native extension for LinuxStandalone target not found
Native extension for WindowsStandalone target not found
Native extension for OSXStandalone target not found
Native extension for WebGL target not found
Refreshing native plugins compatible for Editor in 0.46 ms, found 3 plugins.
Preloading 0 native plugins for Editor in 0.00 ms.
Mono: successfully reloaded assembly
- Completed reload, in  1.367 seconds
Platform modules already initialized, skipping
Refreshing native plugins compatible for Editor in 1.07 ms, found 3 plugins.
Preloading 0 native plugins for Editor in 0.00 ms.
Unloading 2100 Unused Serialized files (Serialized files now loaded: 0)
System memory in use before: 98.6 MB.
System memory in use after: 97.9 MB.

Unloading 34 unused Assets to reduce memory usage. Loaded Objects now: 2677.
Total: 3.747400 ms (FindLiveObjects: 0.233100 ms CreateObjectMapping: 0.084900 ms MarkObjects: 2.907200 ms  DeleteObjects: 0.519600 ms)

AssetImportWorkerClient::OnTransportError - code=2 error=End of file
